<?xml version="1.0" encoding="UTF-8"?>
<!-- Generated by org.testng.reporters.JUnitReportReporter -->
<testsuite hostname="LT001982DT" failures="0" tests="1" name="test.CustomizedXpath" time="27.727" errors="0" timestamp="2023-01-04T12:35:29 IST" skipped="0">
  <testcase classname="test.CustomizedXpath" name="test" time="27.727"/>
  <system-out/>
</testsuite> <!-- test.CustomizedXpath -->
