<?xml version="1.0" encoding="UTF-8"?>
<!-- Generated by org.testng.reporters.JUnitReportReporter -->
<testsuite hostname="LT001982DT" failures="0" tests="1" name="test.MMT1" time="11.219" errors="0" timestamp="2023-01-05T12:59:01 IST" skipped="0">
  <testcase classname="test.MMT1" name="tripDetails" time="11.219"/>
  <system-out/>
</testsuite> <!-- test.MMT1 -->
